1626188201679	geckodriver	INFO	Listening on 127.0.0.1:56728
1626188202222	mozrunner::runner	INFO	Running command: "C:\\Program Files (x86)\\Mozilla Firefox\\firefox.exe" "--marionette" "-foreground" "-no-remote" "-profile" "C:\\Users\\Computer\\AppData\\Local\\Temp\\rust_mozprofilea9Yisj"
1626188202528	Marionette	INFO	Marionette enabled
console.warn: SearchSettings: "get: No settings file exists, new profile?" (new NotFoundError("Could not open the file at C:\\Users\\Computer\\AppData\\Local\\Temp\\rust_mozprofilea9Yisj\\search.json.mozlz4", (void 0)))
1626188204428	Marionette	INFO	Listening on port 56733
1626188204917	Marionette	WARN	TLS certificate errors will be ignored for this session
1626188218101	Marionette	INFO	Stopped listening on port 56733

###!!! [Child][RunMessage] Error: Channel closing: too late to send/recv, messages will be lost

1626189333672	geckodriver	INFO	Listening on 127.0.0.1:56202
1626189333720	mozrunner::runner	INFO	Running command: "C:\\Program Files (x86)\\Mozilla Firefox\\firefox.exe" "--marionette" "-foreground" "-no-remote" "-profile" "C:\\Users\\Computer\\AppData\\Local\\Temp\\rust_mozprofile7bveAD"
1626189334007	Marionette	INFO	Marionette enabled
console.warn: SearchSettings: "get: No settings file exists, new profile?" (new NotFoundError("Could not open the file at C:\\Users\\Computer\\AppData\\Local\\Temp\\rust_mozprofile7bveAD\\search.json.mozlz4", (void 0)))
1626189335808	Marionette	INFO	Listening on port 56207
1626189335888	Marionette	WARN	TLS certificate errors will be ignored for this session
1626189339138	Marionette	INFO	Stopped listening on port 56207

###!!! [Child][RunMessage] Error: Channel closing: too late to send/recv, messages will be lost

1626189388271	geckodriver	INFO	Listening on 127.0.0.1:56258
1626189388311	mozrunner::runner	INFO	Running command: "C:\\Program Files (x86)\\Mozilla Firefox\\firefox.exe" "--marionette" "-foreground" "-no-remote" "-profile" "C:\\Users\\Computer\\AppData\\Local\\Temp\\rust_mozprofileZBhlrU"
1626189388593	Marionette	INFO	Marionette enabled
console.warn: SearchSettings: "get: No settings file exists, new profile?" (new NotFoundError("Could not open the file at C:\\Users\\Computer\\AppData\\Local\\Temp\\rust_mozprofileZBhlrU\\search.json.mozlz4", (void 0)))
1626189390442	Marionette	INFO	Listening on port 56263
1626189390476	Marionette	WARN	TLS certificate errors will be ignored for this session
1626189484979	Marionette	INFO	Stopped listening on port 56263

###!!! [Child][RunMessage] Error: Channel closing: too late to send/recv, messages will be lost

